2022-03-23 12:09:18,856 INFO o.a.j.u.JMeterUtils: Setting Locale to es_ES
2022-03-23 12:09:18,871 INFO o.a.j.u.JMeterUtils: Could not find resources for 'es_ES', using 'es'
2022-03-23 12:09:18,874 INFO o.a.j.JMeter: Loading user properties from: /home/alumnos/e402064/UnidadH/SI_2022/P2/apache-jmeter-5.2.1/bin/user.properties
2022-03-23 12:09:18,877 INFO o.a.j.JMeter: Loading system properties from: /home/alumnos/e402064/UnidadH/SI_2022/P2/apache-jmeter-5.2.1/bin/system.properties
2022-03-23 12:09:18,878 INFO o.a.j.JMeter: Copyright (c) 1998-2019 The Apache Software Foundation
2022-03-23 12:09:18,878 INFO o.a.j.JMeter: Version 5.2.1
2022-03-23 12:09:18,878 INFO o.a.j.JMeter: java.version=1.8.0_201
2022-03-23 12:09:18,878 INFO o.a.j.JMeter: java.vm.name=Java HotSpot(TM) 64-Bit Server VM
2022-03-23 12:09:18,878 INFO o.a.j.JMeter: os.name=Linux
2022-03-23 12:09:18,878 INFO o.a.j.JMeter: os.arch=amd64
2022-03-23 12:09:18,879 INFO o.a.j.JMeter: os.version=4.15.0-166-generic
2022-03-23 12:09:18,879 INFO o.a.j.JMeter: file.encoding=UTF-8
2022-03-23 12:09:18,879 INFO o.a.j.JMeter: java.awt.headless=null
2022-03-23 12:09:18,879 INFO o.a.j.JMeter: Max memory     =1724383232
2022-03-23 12:09:18,879 INFO o.a.j.JMeter: Available Processors =4
2022-03-23 12:09:18,886 INFO o.a.j.JMeter: Default Locale=espa単ol (Espa単a)
2022-03-23 12:09:18,886 INFO o.a.j.JMeter: JMeter  Locale=espa単ol (Espa単a)
2022-03-23 12:09:18,886 INFO o.a.j.JMeter: JMeterHome=/home/alumnos/e402064/UnidadH/SI_2022/P2/apache-jmeter-5.2.1
2022-03-23 12:09:18,886 INFO o.a.j.JMeter: user.dir  =/home/alumnos/e402064/UnidadH/SI_2022/P2
2022-03-23 12:09:18,886 INFO o.a.j.JMeter: PWD       =/home/alumnos/e402064/UnidadH/SI_2022/P2
2022-03-23 12:09:18,887 INFO o.a.j.JMeter: IP: 10.250.1.26 Name: 1-26-1-26 FullName: 1-26-1-26
2022-03-23 12:09:19,422 INFO o.a.j.g.a.LookAndFeelCommand: Installing Darcula LAF
2022-03-23 12:09:19,464 INFO o.a.j.g.a.LookAndFeelCommand: Using look and feel: com.bulenkov.darcula.DarculaLaf [Darcula]
2022-03-23 12:09:19,464 INFO o.a.j.JMeter: Setting LAF to: com.bulenkov.darcula.DarculaLaf
2022-03-23 12:09:19,536 INFO o.a.j.JMeter: Loaded icon properties from org/apache/jmeter/images/icon.properties
2022-03-23 12:09:21,326 INFO o.a.j.p.h.s.HTTPSamplerBase: Parser for text/html is org.apache.jmeter.protocol.http.parser.LagartoBasedHtmlParser
2022-03-23 12:09:21,327 INFO o.a.j.p.h.s.HTTPSamplerBase: Parser for application/xhtml+xml is org.apache.jmeter.protocol.http.parser.LagartoBasedHtmlParser
2022-03-23 12:09:21,327 INFO o.a.j.p.h.s.HTTPSamplerBase: Parser for application/xml is org.apache.jmeter.protocol.http.parser.LagartoBasedHtmlParser
2022-03-23 12:09:21,327 INFO o.a.j.p.h.s.HTTPSamplerBase: Parser for text/xml is org.apache.jmeter.protocol.http.parser.LagartoBasedHtmlParser
2022-03-23 12:09:21,327 INFO o.a.j.p.h.s.HTTPSamplerBase: Parser for text/vnd.wap.wml is org.apache.jmeter.protocol.http.parser.RegexpHTMLParser
2022-03-23 12:09:21,327 INFO o.a.j.p.h.s.HTTPSamplerBase: Parser for text/css is org.apache.jmeter.protocol.http.parser.CssParser
2022-03-23 12:09:21,833 INFO o.a.j.e.KeyToolUtils: keytool found at 'keytool'
2022-03-23 12:09:21,833 INFO o.a.j.p.h.p.ProxyControl: HTTP(S) Test Script Recorder SSL Proxy will use keys that support embedded 3rd party resources in file /home/alumnos/e402064/UnidadH/SI_2022/P2/apache-jmeter-5.2.1/bin/proxyserver.jks
2022-03-23 12:09:21,930 INFO o.a.j.s.FileServer: Default base='/home/alumnos/e402064/UnidadH/SI_2022/P2'
2022-03-23 12:09:22,179 INFO o.a.j.s.SampleResult: Note: Sample TimeStamps are START times
2022-03-23 12:09:22,179 INFO o.a.j.s.SampleResult: sampleresult.default.encoding is set to ISO-8859-1
2022-03-23 12:09:22,179 INFO o.a.j.s.SampleResult: sampleresult.useNanoTime=true
2022-03-23 12:09:22,179 INFO o.a.j.s.SampleResult: sampleresult.nanoThreadSleep=5000
2022-03-23 12:09:31,048 INFO o.a.j.g.a.Load: Loading file: /home/alumnos/e402064/UnidadH/SI_2022/P2/P2.jmx
2022-03-23 12:09:31,049 INFO o.a.j.s.FileServer: Set new base='/home/alumnos/e402064/UnidadH/SI_2022/P2'
2022-03-23 12:09:31,262 INFO o.a.j.s.SaveService: Testplan (JMX) version: 2.2. Testlog (JTL) version: 2.2
2022-03-23 12:09:31,328 INFO o.a.j.s.SaveService: Using SaveService properties file encoding UTF-8
2022-03-23 12:09:31,333 INFO o.a.j.s.SaveService: Using SaveService properties version 5.0
2022-03-23 12:09:31,340 INFO o.a.j.s.SaveService: Loading file: /home/alumnos/e402064/UnidadH/SI_2022/P2/P2.jmx
2022-03-23 12:09:31,451 INFO o.a.j.s.FileServer: Set new base='/home/alumnos/e402064/UnidadH/SI_2022/P2'
